<?xml version="1.0" encoding="UTF-8"?>
<!-- Generated by org.testng.reporters.JUnitXMLReporter -->
<testsuite hostname="LAPTOP-VFM9P8ED" ignored="0" name="CRMPRO Test Cases1" tests="3" failures="0" timestamp="2020-04-22T16:54:26 IST" time="66.689" errors="0">
  <testcase name="loginPageTitleTest" time="0.012" classname="com.crm.qa.testcases.LoginPageTest"/>
  <testcase name="crmLogoImageTest" time="0.16" classname="com.crm.qa.testcases.LoginPageTest"/>
  <testcase name="loginTest" time="9.202" classname="com.crm.qa.testcases.LoginPageTest"/>
</testsuite> <!-- CRMPRO Test Cases1 -->
