<?xml version="1.0" encoding="UTF-8"?>
<!-- Generated by org.testng.reporters.JUnitXMLReporter -->
<testsuite hostname="LAPTOP-VFM9P8ED" ignored="0" name="Default test" tests="3" failures="0" timestamp="2020-04-22T15:58:09 IST" time="89.082" errors="0">
  <testcase name="loginPageTitleTest" time="0.068" classname="com.crm.qa.testcases.LoginPageTest"/>
  <testcase name="crmLogoImageTest" time="0.347" classname="com.crm.qa.testcases.LoginPageTest"/>
  <testcase name="loginTest" time="15.59" classname="com.crm.qa.testcases.LoginPageTest"/>
</testsuite> <!-- Default test -->
