<?xml version="1.0" encoding="UTF-8"?>
<testng-results skipped="0" failed="0" ignored="0" total="3" passed="3">
  <reporter-output>
  </reporter-output>
  <suite name="FREE CRM Application Test Automation Test Suite" duration-ms="90138" started-at="2020-04-25T00:40:33 IST" finished-at="2020-04-25T00:42:03 IST">
    <groups>
    </groups>
    <test name="CRMPRO Test Cases1" duration-ms="90138" started-at="2020-04-25T00:40:33 IST" finished-at="2020-04-25T00:42:03 IST">
      <class name="com.crm.qa.testcases.LoginPageTest">
        <test-method status="PASS" signature="setUp()[pri:0, instance:com.crm.qa.testcases.LoginPageTest@4c432866]" name="setUp" is-config="true" duration-ms="20018" started-at="2020-04-25T00:40:33 IST" finished-at="2020-04-25T00:40:53 IST">
          <reporter-output>
          </reporter-output>
        </test-method> <!-- setUp -->
        <test-method status="PASS" signature="loginPageTitleTest()[pri:1, instance:com.crm.qa.testcases.LoginPageTest@4c432866]" name="loginPageTitleTest" duration-ms="300" started-at="2020-04-25T00:40:54 IST" description="verifying login page title test" finished-at="2020-04-25T00:40:54 IST">
          <reporter-output>
          </reporter-output>
        </test-method> <!-- loginPageTitleTest -->
        <test-method status="PASS" signature="tearDown()[pri:0, instance:com.crm.qa.testcases.LoginPageTest@4c432866]" name="tearDown" is-config="true" duration-ms="1415" started-at="2020-04-25T00:40:54 IST" finished-at="2020-04-25T00:40:56 IST">
          <reporter-output>
          </reporter-output>
        </test-method> <!-- tearDown -->
        <test-method status="PASS" signature="setUp()[pri:0, instance:com.crm.qa.testcases.LoginPageTest@4c432866]" name="setUp" is-config="true" duration-ms="21912" started-at="2020-04-25T00:40:56 IST" finished-at="2020-04-25T00:41:18 IST">
          <reporter-output>
          </reporter-output>
        </test-method> <!-- setUp -->
        <test-method status="PASS" signature="crmLogoImageTest()[pri:2, instance:com.crm.qa.testcases.LoginPageTest@4c432866]" name="crmLogoImageTest" duration-ms="652" started-at="2020-04-25T00:41:18 IST" finished-at="2020-04-25T00:41:18 IST">
          <reporter-output>
          </reporter-output>
        </test-method> <!-- crmLogoImageTest -->
        <test-method status="PASS" signature="tearDown()[pri:0, instance:com.crm.qa.testcases.LoginPageTest@4c432866]" name="tearDown" is-config="true" duration-ms="1323" started-at="2020-04-25T00:41:18 IST" finished-at="2020-04-25T00:41:20 IST">
          <reporter-output>
          </reporter-output>
        </test-method> <!-- tearDown -->
        <test-method status="PASS" signature="setUp()[pri:0, instance:com.crm.qa.testcases.LoginPageTest@4c432866]" name="setUp" is-config="true" duration-ms="24174" started-at="2020-04-25T00:41:20 IST" finished-at="2020-04-25T00:41:44 IST">
          <reporter-output>
          </reporter-output>
        </test-method> <!-- setUp -->
        <test-method status="PASS" signature="loginTest()[pri:3, instance:com.crm.qa.testcases.LoginPageTest@4c432866]" name="loginTest" duration-ms="17513" started-at="2020-04-25T00:41:44 IST" finished-at="2020-04-25T00:42:01 IST">
          <reporter-output>
          </reporter-output>
        </test-method> <!-- loginTest -->
        <test-method status="PASS" signature="tearDown()[pri:0, instance:com.crm.qa.testcases.LoginPageTest@4c432866]" name="tearDown" is-config="true" duration-ms="2101" started-at="2020-04-25T00:42:01 IST" finished-at="2020-04-25T00:42:03 IST">
          <reporter-output>
          </reporter-output>
        </test-method> <!-- tearDown -->
      </class> <!-- com.crm.qa.testcases.LoginPageTest -->
    </test> <!-- CRMPRO Test Cases1 -->
  </suite> <!-- FREE CRM Application Test Automation Test Suite -->
</testng-results>
