<?xml version="1.0" encoding="UTF-8"?>
<testng-results skipped="1" failed="1" ignored="0" total="6" passed="4">
  <reporter-output>
  </reporter-output>
  <suite name="FREE CRM Application Test Automation Test Suite" duration-ms="89594" started-at="2020-04-22T16:52:56 IST" finished-at="2020-04-22T16:54:26 IST">
    <groups>
    </groups>
    <test name="CRMPRO Test Cases5" duration-ms="22296" started-at="2020-04-22T16:52:56 IST" finished-at="2020-04-22T16:53:18 IST">
      <class name="com.crm.qa.testcases.TestClassUsingListeners">
        <test-method status="PASS" signature="beforeClass()[pri:0, instance:com.crm.qa.testcases.TestClassUsingListeners@146044d7]" name="beforeClass" is-config="true" duration-ms="20102" started-at="2020-04-22T16:52:56 IST" finished-at="2020-04-22T16:53:16 IST">
          <reporter-output>
          </reporter-output>
        </test-method> <!-- beforeClass -->
        <test-method status="FAIL" signature="testFailed()[pri:0, instance:com.crm.qa.testcases.TestClassUsingListeners@146044d7]" name="testFailed" duration-ms="25" started-at="2020-04-22T16:53:16 IST" finished-at="2020-04-22T16:53:16 IST">
          <exception class="java.lang.AssertionError">
            <message>
              <![CDATA[Executing Failed Test Method]]>
            </message>
            <full-stacktrace>
              <![CDATA[java.lang.AssertionError: Executing Failed Test Method
at org.testng.Assert.fail(Assert.java:97)
at com.crm.qa.testcases.TestClassUsingListeners.testFailed(TestClassUsingListeners.java:35)
at sun.reflect.NativeMethodAccessorImpl.invoke0(Native Method)
at sun.reflect.NativeMethodAccessorImpl.invoke(NativeMethodAccessorImpl.java:62)
at sun.reflect.DelegatingMethodAccessorImpl.invoke(DelegatingMethodAccessorImpl.java:43)
at java.lang.reflect.Method.invoke(Method.java:498)
at org.testng.internal.MethodInvocationHelper.invokeMethod(MethodInvocationHelper.java:133)
at org.testng.internal.TestInvoker.invokeMethod(TestInvoker.java:584)
at org.testng.internal.TestInvoker.invokeTestMethod(TestInvoker.java:172)
at org.testng.internal.MethodRunner.runInSequence(MethodRunner.java:46)
at org.testng.internal.TestInvoker$MethodInvocationAgent.invoke(TestInvoker.java:804)
at org.testng.internal.TestInvoker.invokeTestMethods(TestInvoker.java:145)
at org.testng.internal.TestMethodWorker.invokeTestMethods(TestMethodWorker.java:146)
at org.testng.internal.TestMethodWorker.run(TestMethodWorker.java:128)
at java.util.ArrayList.forEach(ArrayList.java:1257)
at org.testng.TestRunner.privateRun(TestRunner.java:770)
at org.testng.TestRunner.run(TestRunner.java:591)
at org.testng.SuiteRunner.runTest(SuiteRunner.java:402)
at org.testng.SuiteRunner.runSequentially(SuiteRunner.java:396)
at org.testng.SuiteRunner.privateRun(SuiteRunner.java:355)
at org.testng.SuiteRunner.run(SuiteRunner.java:304)
at org.testng.SuiteRunnerWorker.runSuite(SuiteRunnerWorker.java:53)
at org.testng.SuiteRunnerWorker.run(SuiteRunnerWorker.java:96)
at org.testng.TestNG.runSuitesSequentially(TestNG.java:1180)
at org.testng.TestNG.runSuitesLocally(TestNG.java:1102)
at org.testng.TestNG.runSuites(TestNG.java:1032)
at org.testng.TestNG.run(TestNG.java:1000)
at org.testng.remote.AbstractRemoteTestNG.run(AbstractRemoteTestNG.java:115)
at org.testng.remote.RemoteTestNG.initAndRun(RemoteTestNG.java:251)
at org.testng.remote.RemoteTestNG.main(RemoteTestNG.java:77)
]]>
            </full-stacktrace>
          </exception> <!-- java.lang.AssertionError -->
          <reporter-output>
          </reporter-output>
        </test-method> <!-- testFailed -->
        <test-method status="SKIP" signature="testSkipped()[pri:0, instance:com.crm.qa.testcases.TestClassUsingListeners@146044d7]" name="testSkipped" duration-ms="8" started-at="2020-04-22T16:53:17 IST" finished-at="2020-04-22T16:53:17 IST">
          <exception class="org.testng.SkipException">
            <message>
              <![CDATA[Executing Skipped Test Method]]>
            </message>
            <full-stacktrace>
              <![CDATA[org.testng.SkipException: Executing Skipped Test Method
at com.crm.qa.testcases.TestClassUsingListeners.testSkipped(TestClassUsingListeners.java:40)
at sun.reflect.NativeMethodAccessorImpl.invoke0(Native Method)
at sun.reflect.NativeMethodAccessorImpl.invoke(NativeMethodAccessorImpl.java:62)
at sun.reflect.DelegatingMethodAccessorImpl.invoke(DelegatingMethodAccessorImpl.java:43)
at java.lang.reflect.Method.invoke(Method.java:498)
at org.testng.internal.MethodInvocationHelper.invokeMethod(MethodInvocationHelper.java:133)
at org.testng.internal.TestInvoker.invokeMethod(TestInvoker.java:584)
at org.testng.internal.TestInvoker.invokeTestMethod(TestInvoker.java:172)
at org.testng.internal.MethodRunner.runInSequence(MethodRunner.java:46)
at org.testng.internal.TestInvoker$MethodInvocationAgent.invoke(TestInvoker.java:804)
at org.testng.internal.TestInvoker.invokeTestMethods(TestInvoker.java:145)
at org.testng.internal.TestMethodWorker.invokeTestMethods(TestMethodWorker.java:146)
at org.testng.internal.TestMethodWorker.run(TestMethodWorker.java:128)
at java.util.ArrayList.forEach(ArrayList.java:1257)
at org.testng.TestRunner.privateRun(TestRunner.java:770)
at org.testng.TestRunner.run(TestRunner.java:591)
at org.testng.SuiteRunner.runTest(SuiteRunner.java:402)
at org.testng.SuiteRunner.runSequentially(SuiteRunner.java:396)
at org.testng.SuiteRunner.privateRun(SuiteRunner.java:355)
at org.testng.SuiteRunner.run(SuiteRunner.java:304)
at org.testng.SuiteRunnerWorker.runSuite(SuiteRunnerWorker.java:53)
at org.testng.SuiteRunnerWorker.run(SuiteRunnerWorker.java:96)
at org.testng.TestNG.runSuitesSequentially(TestNG.java:1180)
at org.testng.TestNG.runSuitesLocally(TestNG.java:1102)
at org.testng.TestNG.runSuites(TestNG.java:1032)
at org.testng.TestNG.run(TestNG.java:1000)
at org.testng.remote.AbstractRemoteTestNG.run(AbstractRemoteTestNG.java:115)
at org.testng.remote.RemoteTestNG.initAndRun(RemoteTestNG.java:251)
at org.testng.remote.RemoteTestNG.main(RemoteTestNG.java:77)
]]>
            </full-stacktrace>
          </exception> <!-- org.testng.SkipException -->
          <reporter-output>
          </reporter-output>
        </test-method> <!-- testSkipped -->
        <test-method status="PASS" signature="testSuccessful()[pri:0, instance:com.crm.qa.testcases.TestClassUsingListeners@146044d7]" name="testSuccessful" duration-ms="0" started-at="2020-04-22T16:53:17 IST" finished-at="2020-04-22T16:53:17 IST">
          <reporter-output>
          </reporter-output>
        </test-method> <!-- testSuccessful -->
        <test-method status="PASS" signature="afterClass()[pri:0, instance:com.crm.qa.testcases.TestClassUsingListeners@146044d7]" name="afterClass" is-config="true" duration-ms="888" started-at="2020-04-22T16:53:17 IST" finished-at="2020-04-22T16:53:18 IST">
          <reporter-output>
          </reporter-output>
        </test-method> <!-- afterClass -->
      </class> <!-- com.crm.qa.testcases.TestClassUsingListeners -->
    </test> <!-- CRMPRO Test Cases5 -->
    <test name="CRMPRO Test Cases1" duration-ms="66689" started-at="2020-04-22T16:53:19 IST" finished-at="2020-04-22T16:54:26 IST">
      <class name="com.crm.qa.testcases.LoginPageTest">
        <test-method status="PASS" signature="setUp()[pri:0, instance:com.crm.qa.testcases.LoginPageTest@1dd92fe2]" name="setUp" is-config="true" duration-ms="15178" started-at="2020-04-22T16:53:19 IST" finished-at="2020-04-22T16:53:34 IST">
          <reporter-output>
          </reporter-output>
        </test-method> <!-- setUp -->
        <test-method status="PASS" signature="loginPageTitleTest()[pri:1, instance:com.crm.qa.testcases.LoginPageTest@1dd92fe2]" name="loginPageTitleTest" duration-ms="12" started-at="2020-04-22T16:53:34 IST" finished-at="2020-04-22T16:53:34 IST">
          <reporter-output>
          </reporter-output>
        </test-method> <!-- loginPageTitleTest -->
        <test-method status="PASS" signature="tearOff()[pri:0, instance:com.crm.qa.testcases.LoginPageTest@1dd92fe2]" name="tearOff" is-config="true" duration-ms="781" started-at="2020-04-22T16:53:34 IST" finished-at="2020-04-22T16:53:35 IST">
          <reporter-output>
          </reporter-output>
        </test-method> <!-- tearOff -->
        <test-method status="PASS" signature="setUp()[pri:0, instance:com.crm.qa.testcases.LoginPageTest@1dd92fe2]" name="setUp" is-config="true" duration-ms="24029" started-at="2020-04-22T16:53:35 IST" finished-at="2020-04-22T16:53:59 IST">
          <reporter-output>
          </reporter-output>
        </test-method> <!-- setUp -->
        <test-method status="PASS" signature="crmLogoImageTest()[pri:2, instance:com.crm.qa.testcases.LoginPageTest@1dd92fe2]" name="crmLogoImageTest" duration-ms="160" started-at="2020-04-22T16:53:59 IST" finished-at="2020-04-22T16:53:59 IST">
          <reporter-output>
          </reporter-output>
        </test-method> <!-- crmLogoImageTest -->
        <test-method status="PASS" signature="tearOff()[pri:0, instance:com.crm.qa.testcases.LoginPageTest@1dd92fe2]" name="tearOff" is-config="true" duration-ms="747" started-at="2020-04-22T16:53:59 IST" finished-at="2020-04-22T16:54:00 IST">
          <reporter-output>
          </reporter-output>
        </test-method> <!-- tearOff -->
        <test-method status="PASS" signature="setUp()[pri:0, instance:com.crm.qa.testcases.LoginPageTest@1dd92fe2]" name="setUp" is-config="true" duration-ms="15841" started-at="2020-04-22T16:54:00 IST" finished-at="2020-04-22T16:54:16 IST">
          <reporter-output>
          </reporter-output>
        </test-method> <!-- setUp -->
        <test-method status="PASS" signature="loginTest()[pri:3, instance:com.crm.qa.testcases.LoginPageTest@1dd92fe2]" name="loginTest" duration-ms="9202" started-at="2020-04-22T16:54:16 IST" finished-at="2020-04-22T16:54:25 IST">
          <reporter-output>
          </reporter-output>
        </test-method> <!-- loginTest -->
        <test-method status="PASS" signature="tearOff()[pri:0, instance:com.crm.qa.testcases.LoginPageTest@1dd92fe2]" name="tearOff" is-config="true" duration-ms="719" started-at="2020-04-22T16:54:25 IST" finished-at="2020-04-22T16:54:26 IST">
          <reporter-output>
          </reporter-output>
        </test-method> <!-- tearOff -->
      </class> <!-- com.crm.qa.testcases.LoginPageTest -->
    </test> <!-- CRMPRO Test Cases1 -->
  </suite> <!-- FREE CRM Application Test Automation Test Suite -->
</testng-results>
