<?xml version="1.0" encoding="UTF-8"?>
<!-- Generated by org.testng.reporters.JUnitXMLReporter -->
<testsuite hostname="LAPTOP-VFM9P8ED" ignored="0" name="CRMPRO Test Cases5" tests="3" failures="0" timestamp="2020-04-22T16:59:28 IST" time="0.156" errors="0">
  <testcase name="testFailed" time="0.0" classname="com.crm.qa.testcases.TestClassUsingListeners">
    <skipped/>
  </testcase> <!-- testFailed -->
  <testcase name="testSkipped" time="0.0" classname="com.crm.qa.testcases.TestClassUsingListeners">
    <skipped/>
  </testcase> <!-- testSkipped -->
  <testcase name="testSuccessful" time="0.0" classname="com.crm.qa.testcases.TestClassUsingListeners">
    <skipped/>
  </testcase> <!-- testSuccessful -->
</testsuite> <!-- CRMPRO Test Cases5 -->
