<?xml version="1.0" encoding="UTF-8"?>
<!-- Generated by org.testng.reporters.JUnitXMLReporter -->
<testsuite hostname="LAPTOP-VFM9P8ED" ignored="0" name="CRMPRO Test Cases1" tests="3" failures="0" timestamp="2020-04-26T18:29:54 IST" time="97.876" errors="0">
  <testcase name="loginPageTitleTest" time="0.681" classname="com.crm.qa.testcases.LoginPageTest"/>
  <testcase name="crmLogoImageTest" time="0.82" classname="com.crm.qa.testcases.LoginPageTest"/>
  <testcase name="loginTest" time="7.193" classname="com.crm.qa.testcases.LoginPageTest"/>
</testsuite> <!-- CRMPRO Test Cases1 -->
